<?xml version="1.0" encoding="UTF-8"?>
<robot generator="Robot 6.1 (Python 3.11.5 on linux)" generated="20240109 08:30:32.643" rpa="false" schemaversion="4">
<suite id="s1" name="Tests" source="/opt/robotframework/tests">
<suite id="s1-s1" name="Example" source="/opt/robotframework/tests/example.robot">
<test id="s1-s1-t1" name="Valid Search" line="10">
<kw name="Set Selenium Speed" library="SeleniumLibrary">
<arg>.1 seconds</arg>
<doc>Sets the delay that is waited after each Selenium command.</doc>
<status status="PASS" starttime="20240109 08:30:32.724" endtime="20240109 08:30:32.725"/>
</kw>
<kw name="Open Browser To Google">
<kw name="Open Browser" library="SeleniumLibrary">
<arg>${GOOGLE URL}</arg>
<arg>${BROWSER}</arg>
<doc>Opens a new browser instance to the optional ``url``.</doc>
<msg timestamp="20240109 08:30:32.725" level="INFO">Opening browser 'Firefox' to base url 'https://www.google.com/'.</msg>
<status status="PASS" starttime="20240109 08:30:32.725" endtime="20240109 08:30:37.622"/>
</kw>
<kw name="Title Should Be" library="SeleniumLibrary">
<arg>Google</arg>
<doc>Verifies that the current page title equals ``title``.</doc>
<msg timestamp="20240109 08:30:37.726" level="INFO">Page title is 'Google'.</msg>
<status status="PASS" starttime="20240109 08:30:37.622" endtime="20240109 08:30:37.726"/>
</kw>
<kw name="Wait Until Element Is Visible" library="SeleniumLibrary">
<arg>name=q</arg>
<doc>Waits until the element ``locator`` is visible.</doc>
<status status="PASS" starttime="20240109 08:30:37.727" endtime="20240109 08:30:37.945"/>
</kw>
<kw name="Capture Page Screenshot" library="SeleniumLibrary">
<arg>landing.png</arg>
<doc>Takes a screenshot of the current page and embeds it into a log file.</doc>
<msg timestamp="20240109 08:30:38.089" level="INFO" html="true">&lt;/td&gt;&lt;/tr&gt;&lt;tr&gt;&lt;td colspan="3"&gt;&lt;a href="landing.png"&gt;&lt;img src="landing.png" width="800px"&gt;&lt;/a&gt;</msg>
<status status="PASS" starttime="20240109 08:30:37.946" endtime="20240109 08:30:38.089"/>
</kw>
<status status="PASS" starttime="20240109 08:30:32.725" endtime="20240109 08:30:38.090"/>
</kw>
<kw name="Input Search Keyword">
<arg>redhat</arg>
<kw name="Set Focus To Element" library="SeleniumLibrary">
<arg>name=q</arg>
<doc>Sets the focus to the element identified by ``locator``.</doc>
<status status="PASS" starttime="20240109 08:30:38.091" endtime="20240109 08:30:38.305"/>
</kw>
<kw name="Input Text" library="SeleniumLibrary">
<arg>name=q</arg>
<arg>${keyword}</arg>
<doc>Types the given ``text`` into the text field identified by ``locator``.</doc>
<msg timestamp="20240109 08:30:38.306" level="INFO">Typing text 'redhat' into text field 'name=q'.</msg>
<status status="PASS" starttime="20240109 08:30:38.305" endtime="20240109 08:30:38.656"/>
</kw>
<kw name="Capture Page Screenshot" library="SeleniumLibrary">
<arg>landing-input.png</arg>
<doc>Takes a screenshot of the current page and embeds it into a log file.</doc>
<msg timestamp="20240109 08:30:38.800" level="INFO" html="true">&lt;/td&gt;&lt;/tr&gt;&lt;tr&gt;&lt;td colspan="3"&gt;&lt;a href="landing-input.png"&gt;&lt;img src="landing-input.png" width="800px"&gt;&lt;/a&gt;</msg>
<status status="PASS" starttime="20240109 08:30:38.656" endtime="20240109 08:30:38.801"/>
</kw>
<kw name="Press Keys" library="SeleniumLibrary">
<arg>name=q</arg>
<arg>ENTER</arg>
<doc>Simulates the user pressing key(s) to an element or on the active browser.</doc>
<msg timestamp="20240109 08:30:38.802" level="INFO">Sending key(s) ('ENTER',) to name=q element.</msg>
<msg timestamp="20240109 08:30:39.294" level="INFO">Pressing special key ENTER to element.</msg>
<msg timestamp="20240109 08:30:39.294" level="INFO">Releasing special key ENTER.</msg>
<status status="PASS" starttime="20240109 08:30:38.801" endtime="20240109 08:30:39.414"/>
</kw>
<status status="PASS" starttime="20240109 08:30:38.090" endtime="20240109 08:30:39.414"/>
</kw>
<kw name="Capture Search Result">
<kw name="Wait Until Element Is Visible" library="SeleniumLibrary">
<arg>id=search</arg>
<doc>Waits until the element ``locator`` is visible.</doc>
<status status="PASS" starttime="20240109 08:30:39.415" endtime="20240109 08:30:40.241"/>
</kw>
<kw name="Capture Page Screenshot" library="SeleniumLibrary">
<arg>search-result.png</arg>
<doc>Takes a screenshot of the current page and embeds it into a log file.</doc>
<msg timestamp="20240109 08:30:40.384" level="INFO" html="true">&lt;/td&gt;&lt;/tr&gt;&lt;tr&gt;&lt;td colspan="3"&gt;&lt;a href="search-result.png"&gt;&lt;img src="search-result.png" width="800px"&gt;&lt;/a&gt;</msg>
<status status="PASS" starttime="20240109 08:30:40.241" endtime="20240109 08:30:40.384"/>
</kw>
<status status="PASS" starttime="20240109 08:30:39.414" endtime="20240109 08:30:40.384"/>
</kw>
<kw name="Close Browser" library="SeleniumLibrary" type="TEARDOWN">
<doc>Closes the current browser.</doc>
<status status="PASS" starttime="20240109 08:30:40.384" endtime="20240109 08:30:41.184"/>
</kw>
<status status="PASS" starttime="20240109 08:30:32.724" endtime="20240109 08:30:41.184"/>
</test>
<doc>Simple example using SeleniumLibrary.</doc>
<status status="PASS" starttime="20240109 08:30:32.653" endtime="20240109 08:30:41.185"/>
</suite>
<suite id="s1-s2" name="Website" source="/opt/robotframework/tests/website.robot">
<test id="s1-s2-t1" name="Valid Search" line="10">
<kw name="Set Selenium Speed" library="SeleniumLibrary">
<arg>.1 seconds</arg>
<doc>Sets the delay that is waited after each Selenium command.</doc>
<status status="PASS" starttime="20240109 08:30:41.189" endtime="20240109 08:30:41.189"/>
</kw>
<kw name="Open Browser To Google">
<kw name="Open Browser" library="SeleniumLibrary">
<arg>${GOOGLE URL}</arg>
<arg>${BROWSER}</arg>
<doc>Opens a new browser instance to the optional ``url``.</doc>
<msg timestamp="20240109 08:30:41.190" level="INFO">Opening browser 'Firefox' to base url 'https://www.google.com/'.</msg>
<status status="PASS" starttime="20240109 08:30:41.190" endtime="20240109 08:30:46.056"/>
</kw>
<kw name="Title Should Be" library="SeleniumLibrary">
<arg>Google</arg>
<doc>Verifies that the current page title equals ``title``.</doc>
<msg timestamp="20240109 08:30:46.159" level="INFO">Page title is 'Google'.</msg>
<status status="PASS" starttime="20240109 08:30:46.057" endtime="20240109 08:30:46.159"/>
</kw>
<kw name="Wait Until Element Is Visible" library="SeleniumLibrary">
<arg>name=q</arg>
<doc>Waits until the element ``locator`` is visible.</doc>
<status status="PASS" starttime="20240109 08:30:46.160" endtime="20240109 08:30:46.377"/>
</kw>
<kw name="Capture Page Screenshot" library="SeleniumLibrary">
<arg>landing.png</arg>
<doc>Takes a screenshot of the current page and embeds it into a log file.</doc>
<msg timestamp="20240109 08:30:46.506" level="INFO" html="true">&lt;/td&gt;&lt;/tr&gt;&lt;tr&gt;&lt;td colspan="3"&gt;&lt;a href="landing.png"&gt;&lt;img src="landing.png" width="800px"&gt;&lt;/a&gt;</msg>
<status status="PASS" starttime="20240109 08:30:46.377" endtime="20240109 08:30:46.506"/>
</kw>
<status status="PASS" starttime="20240109 08:30:41.189" endtime="20240109 08:30:46.507"/>
</kw>
<kw name="Input Search Keyword">
<arg>redhat</arg>
<kw name="Set Focus To Element" library="SeleniumLibrary">
<arg>name=q</arg>
<doc>Sets the focus to the element identified by ``locator``.</doc>
<status status="PASS" starttime="20240109 08:30:46.508" endtime="20240109 08:30:46.725"/>
</kw>
<kw name="Input Text" library="SeleniumLibrary">
<arg>name=q</arg>
<arg>${keyword}</arg>
<doc>Types the given ``text`` into the text field identified by ``locator``.</doc>
<msg timestamp="20240109 08:30:46.727" level="INFO">Typing text 'redhat' into text field 'name=q'.</msg>
<status status="PASS" starttime="20240109 08:30:46.725" endtime="20240109 08:30:47.074"/>
</kw>
<kw name="Capture Page Screenshot" library="SeleniumLibrary">
<arg>landing-input.png</arg>
<doc>Takes a screenshot of the current page and embeds it into a log file.</doc>
<msg timestamp="20240109 08:30:47.211" level="INFO" html="true">&lt;/td&gt;&lt;/tr&gt;&lt;tr&gt;&lt;td colspan="3"&gt;&lt;a href="landing-input.png"&gt;&lt;img src="landing-input.png" width="800px"&gt;&lt;/a&gt;</msg>
<status status="PASS" starttime="20240109 08:30:47.074" endtime="20240109 08:30:47.211"/>
</kw>
<kw name="Press Keys" library="SeleniumLibrary">
<arg>name=q</arg>
<arg>ENTER</arg>
<doc>Simulates the user pressing key(s) to an element or on the active browser.</doc>
<msg timestamp="20240109 08:30:47.212" level="INFO">Sending key(s) ('ENTER',) to name=q element.</msg>
<msg timestamp="20240109 08:30:47.696" level="INFO">Pressing special key ENTER to element.</msg>
<msg timestamp="20240109 08:30:47.696" level="INFO">Releasing special key ENTER.</msg>
<status status="PASS" starttime="20240109 08:30:47.211" endtime="20240109 08:30:47.817"/>
</kw>
<status status="PASS" starttime="20240109 08:30:46.507" endtime="20240109 08:30:47.817"/>
</kw>
<kw name="Capture Search Result">
<kw name="Wait Until Element Is Visible" library="SeleniumLibrary">
<arg>id=search</arg>
<doc>Waits until the element ``locator`` is visible.</doc>
<status status="PASS" starttime="20240109 08:30:47.818" endtime="20240109 08:30:48.351"/>
</kw>
<kw name="Capture Page Screenshot" library="SeleniumLibrary">
<arg>search-result.png</arg>
<doc>Takes a screenshot of the current page and embeds it into a log file.</doc>
<msg timestamp="20240109 08:30:48.486" level="INFO" html="true">&lt;/td&gt;&lt;/tr&gt;&lt;tr&gt;&lt;td colspan="3"&gt;&lt;a href="search-result.png"&gt;&lt;img src="search-result.png" width="800px"&gt;&lt;/a&gt;</msg>
<status status="PASS" starttime="20240109 08:30:48.351" endtime="20240109 08:30:48.486"/>
</kw>
<status status="PASS" starttime="20240109 08:30:47.818" endtime="20240109 08:30:48.487"/>
</kw>
<kw name="Close Browser" library="SeleniumLibrary" type="TEARDOWN">
<doc>Closes the current browser.</doc>
<status status="PASS" starttime="20240109 08:30:48.487" endtime="20240109 08:30:49.370"/>
</kw>
<status status="PASS" starttime="20240109 08:30:41.189" endtime="20240109 08:30:49.371"/>
</test>
<doc>Simple example using SeleniumLibrary.</doc>
<status status="PASS" starttime="20240109 08:30:41.186" endtime="20240109 08:30:49.371"/>
</suite>
<status status="PASS" starttime="20240109 08:30:32.643" endtime="20240109 08:30:49.373"/>
</suite>
<statistics>
<total>
<stat pass="2" fail="0" skip="0">All Tests</stat>
</total>
<tag>
</tag>
<suite>
<stat pass="2" fail="0" skip="0" id="s1" name="Tests">Tests</stat>
<stat pass="1" fail="0" skip="0" id="s1-s1" name="Example">Tests.Example</stat>
<stat pass="1" fail="0" skip="0" id="s1-s2" name="Website">Tests.Website</stat>
</suite>
</statistics>
<errors>
</errors>
</robot>
